<?xml version="1.0" encoding="UTF-8"?>
<testng-results skipped="0" failed="0" total="1" passed="1">
  <reporter-output>
  </reporter-output>
  <suite name="Default suite" duration-ms="3542" started-at="2019-08-05T10:57:41Z" finished-at="2019-08-05T10:57:45Z">
    <groups>
    </groups>
    <test name="Default test" duration-ms="3542" started-at="2019-08-05T10:57:41Z" finished-at="2019-08-05T10:57:45Z">
      <class name="RestApiAutomation.RestAp.PostApiTest">
        <test-method status="PASS" signature="PostRequest()[pri:0, instance:RestApiAutomation.RestAp.PostApiTest@1d251891]" name="PostRequest" duration-ms="3511" started-at="2019-08-05T16:27:41Z" finished-at="2019-08-05T16:27:45Z">
          <reporter-output>
          </reporter-output>
        </test-method> <!-- PostRequest -->
      </class> <!-- RestApiAutomation.RestAp.PostApiTest -->
    </test> <!-- Default test -->
  </suite> <!-- Default suite -->
</testng-results>
